0 info it worked if it ends with ok
1 verbose cli [ '/usr/bin/node', '/usr/bin/npm', 'install', 'yarn', '–g' ]
2 info using npm@3.5.2
3 info using node@v8.10.0
4 silly loadCurrentTree Starting
5 silly install loadCurrentTree
6 silly install readLocalPackageData
7 silly fetchPackageMetaData yarn
8 silly fetchPackageMetaData –g
9 silly fetchNamedPackageData yarn
10 silly mapToRegistry name yarn
11 silly mapToRegistry using default registry
12 silly mapToRegistry registry https://registry.npmjs.org/
13 silly mapToRegistry uri https://registry.npmjs.org/yarn
14 silly fetchOtherPackageData –g
15 silly cache add args [ '–g', null ]
16 verbose cache add spec –g
17 verbose request uri https://registry.npmjs.org/yarn
18 verbose request no auth needed
19 info attempt registry request try #1 at 1:55:21 AM
20 verbose request id 753b4cfa612b3188
21 http request GET https://registry.npmjs.org/yarn
22 verbose stack TypeError: The header content contains invalid characters
22 verbose stack     at validateHeader (_http_outgoing.js:494:11)
22 verbose stack     at ClientRequest.setHeader (_http_outgoing.js:498:3)
22 verbose stack     at new ClientRequest (_http_client.js:173:14)
22 verbose stack     at Object.request (http.js:38:10)
22 verbose stack     at Object.request (https.js:239:15)
22 verbose stack     at Request.start (/usr/share/npm/node_modules/request/request.js:793:30)
22 verbose stack     at Request.end (/usr/share/npm/node_modules/request/request.js:1400:10)
22 verbose stack     at end (/usr/share/npm/node_modules/request/request.js:564:14)
22 verbose stack     at Immediate._onImmediate (/usr/share/npm/node_modules/request/request.js:578:7)
22 verbose stack     at runCallback (timers.js:794:20)
23 verbose cwd /home/marwa/udacity/would-you-rather
24 error Linux 4.15.0-109-generic
25 error argv "/usr/bin/node" "/usr/bin/npm" "install" "yarn" "–g"
26 error node v8.10.0
27 error npm  v3.5.2
28 error The header content contains invalid characters
29 error If you need help, you may report this error at:
29 error     <https://github.com/npm/npm/issues>
30 verbose exit [ 1, true ]
